<?xml version="1.0" encoding="UTF-8"?>
<testng-results ignored="0" total="1" passed="1" failed="0" skipped="0">
  <reporter-output>
  </reporter-output>
  <suite started-at="2019-09-30T15:13:15Z" name="Default suite" finished-at="2019-09-30T15:13:25Z" duration-ms="10920">
    <groups>
    </groups>
    <test started-at="2019-09-30T15:13:15Z" name="Default test" finished-at="2019-09-30T15:13:25Z" duration-ms="10920">
      <class name="automationpractice.com.GrazielleSilva.CartTest">
        <test-method signature="testSign()[pri:0, instance:automationpractice.com.GrazielleSilva.CartTest@255b53dc]" started-at="2019-09-30T12:13:15Z" name="testSign" finished-at="2019-09-30T12:13:25Z" duration-ms="10887" status="PASS">
          <reporter-output>
          </reporter-output>
        </test-method> <!-- testSign -->
      </class> <!-- automationpractice.com.GrazielleSilva.CartTest -->
    </test> <!-- Default test -->
  </suite> <!-- Default suite -->
</testng-results>
